{"/Users/saigunaranjan/repo/ReportingApp/resource-graph-service/src/services/cacheService.js": {"path":"/Users/saigunaranjan/repo/ReportingApp/resource-graph-service/src/services/cacheService.js","statementMap":{"0":{"start":{"line":10,"column":30},"end":{"line":10,"column":60}},"1":{"start":{"line":11,"column":35},"end":{"line":11,"column":61}},"2":{"start":{"line":12,"column":13},"end":{"line":12,"column":28}},"3":{"start":{"line":13,"column":22},"end":{"line":13,"column":37}},"4":{"start":{"line":15,"column":13},"end":{"line":15,"column":33}},"5":{"start":{"line":16,"column":15},"end":{"line":16,"column":37}},"6":{"start":{"line":18,"column":23},"end":{"line":18,"column":43}},"7":{"start":{"line":19,"column":24},"end":{"line":19,"column":26}},"8":{"start":{"line":21,"column":22},"end":{"line":21,"column":26}},"9":{"start":{"line":29,"column":4},"end":{"line":32,"column":5}},"10":{"start":{"line":30,"column":8},"end":{"line":30,"column":88}},"11":{"start":{"line":31,"column":8},"end":{"line":31,"column":15}},"12":{"start":{"line":34,"column":4},"end":{"line":50,"column":5}},"13":{"start":{"line":35,"column":27},"end":{"line":35,"column":55}},"14":{"start":{"line":36,"column":34},"end":{"line":39,"column":9}},"15":{"start":{"line":41,"column":8},"end":{"line":41,"column":79}},"16":{"start":{"line":44,"column":8},"end":{"line":44,"column":50}},"17":{"start":{"line":46,"column":8},"end":{"line":46,"column":84}},"18":{"start":{"line":48,"column":8},"end":{"line":48,"column":77}},"19":{"start":{"line":49,"column":8},"end":{"line":49,"column":31}},"20":{"start":{"line":62,"column":25},"end":{"line":65,"column":18}},"21":{"start":{"line":64,"column":18},"end":{"line":64,"column":37}},"22":{"start":{"line":67,"column":17},"end":{"line":71,"column":25}},"23":{"start":{"line":73,"column":4},"end":{"line":73,"column":42}},"24":{"start":{"line":83,"column":4},"end":{"line":85,"column":5}},"25":{"start":{"line":84,"column":8},"end":{"line":84,"column":20}},"26":{"start":{"line":87,"column":4},"end":{"line":132,"column":5}},"27":{"start":{"line":88,"column":27},"end":{"line":88,"column":66}},"28":{"start":{"line":91,"column":23},"end":{"line":91,"column":48}},"29":{"start":{"line":92,"column":8},"end":{"line":94,"column":9}},"30":{"start":{"line":93,"column":12},"end":{"line":93,"column":24}},"31":{"start":{"line":97,"column":27},"end":{"line":97,"column":59}},"32":{"start":{"line":98,"column":26},"end":{"line":98,"column":73}},"33":{"start":{"line":99,"column":25},"end":{"line":99,"column":78}},"34":{"start":{"line":101,"column":8},"end":{"line":106,"column":9}},"35":{"start":{"line":102,"column":12},"end":{"line":102,"column":103}},"36":{"start":{"line":104,"column":12},"end":{"line":104,"column":48}},"37":{"start":{"line":105,"column":12},"end":{"line":105,"column":24}},"38":{"start":{"line":109,"column":33},"end":{"line":109,"column":60}},"39":{"start":{"line":110,"column":23},"end":{"line":110,"column":25}},"40":{"start":{"line":111,"column":8},"end":{"line":113,"column":9}},"41":{"start":{"line":112,"column":12},"end":{"line":112,"column":31}},"42":{"start":{"line":114,"column":31},"end":{"line":114,"column":52}},"43":{"start":{"line":115,"column":29},"end":{"line":115,"column":57}},"44":{"start":{"line":116,"column":21},"end":{"line":116,"column":56}},"45":{"start":{"line":118,"column":8},"end":{"line":118,"column":95}},"46":{"start":{"line":120,"column":8},"end":{"line":125,"column":10}},"47":{"start":{"line":127,"column":8},"end":{"line":129,"column":9}},"48":{"start":{"line":128,"column":12},"end":{"line":128,"column":24}},"49":{"start":{"line":130,"column":8},"end":{"line":130,"column":89}},"50":{"start":{"line":131,"column":8},"end":{"line":131,"column":20}},"51":{"start":{"line":143,"column":4},"end":{"line":145,"column":5}},"52":{"start":{"line":144,"column":8},"end":{"line":144,"column":21}},"53":{"start":{"line":147,"column":4},"end":{"line":171,"column":5}},"54":{"start":{"line":149,"column":27},"end":{"line":149,"column":47}},"55":{"start":{"line":150,"column":27},"end":{"line":150,"column":49}},"56":{"start":{"line":153,"column":32},"end":{"line":153,"column":76}},"57":{"start":{"line":154,"column":8},"end":{"line":164,"column":11}},"58":{"start":{"line":166,"column":8},"end":{"line":166,"column":104}},"59":{"start":{"line":167,"column":8},"end":{"line":167,"column":20}},"60":{"start":{"line":169,"column":8},"end":{"line":169,"column":90}},"61":{"start":{"line":170,"column":8},"end":{"line":170,"column":21}},"62":{"start":{"line":181,"column":4},"end":{"line":183,"column":5}},"63":{"start":{"line":182,"column":8},"end":{"line":182,"column":21}},"64":{"start":{"line":185,"column":4},"end":{"line":193,"column":5}},"65":{"start":{"line":186,"column":27},"end":{"line":186,"column":66}},"66":{"start":{"line":187,"column":8},"end":{"line":187,"column":42}},"67":{"start":{"line":188,"column":8},"end":{"line":188,"column":63}},"68":{"start":{"line":189,"column":8},"end":{"line":189,"column":20}},"69":{"start":{"line":191,"column":8},"end":{"line":191,"column":81}},"70":{"start":{"line":192,"column":8},"end":{"line":192,"column":21}},"71":{"start":{"line":203,"column":4},"end":{"line":205,"column":5}},"72":{"start":{"line":204,"column":8},"end":{"line":204,"column":17}},"73":{"start":{"line":207,"column":23},"end":{"line":207,"column":24}},"74":{"start":{"line":209,"column":4},"end":{"line":218,"column":5}},"75":{"start":{"line":210,"column":8},"end":{"line":214,"column":9}},"76":{"start":{"line":211,"column":31},"end":{"line":211,"column":71}},"77":{"start":{"line":212,"column":12},"end":{"line":212,"column":46}},"78":{"start":{"line":213,"column":12},"end":{"line":213,"column":27}},"79":{"start":{"line":215,"column":8},"end":{"line":215,"column":97}},"80":{"start":{"line":217,"column":8},"end":{"line":217,"column":80}},"81":{"start":{"line":220,"column":4},"end":{"line":220,"column":24}},"82":{"start":{"line":229,"column":4},"end":{"line":231,"column":5}},"83":{"start":{"line":230,"column":8},"end":{"line":230,"column":34}},"84":{"start":{"line":233,"column":21},"end":{"line":233,"column":22}},"85":{"start":{"line":234,"column":20},"end":{"line":234,"column":21}},"86":{"start":{"line":235,"column":21},"end":{"line":235,"column":25}},"87":{"start":{"line":236,"column":21},"end":{"line":236,"column":25}},"88":{"start":{"line":238,"column":4},"end":{"line":264,"column":5}},"89":{"start":{"line":239,"column":8},"end":{"line":250,"column":9}},"90":{"start":{"line":240,"column":12},"end":{"line":240,"column":25}},"91":{"start":{"line":241,"column":12},"end":{"line":241,"column":60}},"92":{"start":{"line":243,"column":30},"end":{"line":243,"column":87}},"93":{"start":{"line":244,"column":12},"end":{"line":246,"column":13}},"94":{"start":{"line":245,"column":16},"end":{"line":245,"column":39}},"95":{"start":{"line":247,"column":12},"end":{"line":249,"column":13}},"96":{"start":{"line":248,"column":16},"end":{"line":248,"column":39}},"97":{"start":{"line":252,"column":8},"end":{"line":260,"column":10}},"98":{"start":{"line":262,"column":8},"end":{"line":262,"column":68}},"99":{"start":{"line":263,"column":8},"end":{"line":263,"column":55}},"100":{"start":{"line":276,"column":21},"end":{"line":276,"column":56}},"101":{"start":{"line":279,"column":19},"end":{"line":279,"column":47}},"102":{"start":{"line":280,"column":4},"end":{"line":282,"column":5}},"103":{"start":{"line":281,"column":8},"end":{"line":281,"column":22}},"104":{"start":{"line":285,"column":17},"end":{"line":285,"column":32}},"105":{"start":{"line":288,"column":4},"end":{"line":290,"column":6}},"106":{"start":{"line":289,"column":8},"end":{"line":289,"column":83}},"107":{"start":{"line":292,"column":4},"end":{"line":296,"column":6}},"108":{"start":{"line":299,"column":0},"end":{"line":308,"column":2}}},"fnMap":{"0":{"name":"initializeCache","decl":{"start":{"line":28,"column":15},"end":{"line":28,"column":30}},"loc":{"start":{"line":28,"column":51},"end":{"line":51,"column":1}},"line":28},"1":{"name":"generateCacheKey","decl":{"start":{"line":60,"column":9},"end":{"line":60,"column":25}},"loc":{"start":{"line":60,"column":45},"end":{"line":74,"column":1}},"line":60},"2":{"name":"(anonymous_2)","decl":{"start":{"line":64,"column":13},"end":{"line":64,"column":14}},"loc":{"start":{"line":64,"column":18},"end":{"line":64,"column":37}},"line":64},"3":{"name":"getFromCache","decl":{"start":{"line":82,"column":15},"end":{"line":82,"column":27}},"loc":{"start":{"line":82,"column":38},"end":{"line":133,"column":1}},"line":82},"4":{"name":"(anonymous_4)","decl":{"start":{"line":104,"column":38},"end":{"line":104,"column":39}},"loc":{"start":{"line":104,"column":44},"end":{"line":104,"column":46}},"line":104},"5":{"name":"setInCache","decl":{"start":{"line":142,"column":15},"end":{"line":142,"column":25}},"loc":{"start":{"line":142,"column":42},"end":{"line":172,"column":1}},"line":142},"6":{"name":"invalidateCache","decl":{"start":{"line":180,"column":15},"end":{"line":180,"column":30}},"loc":{"start":{"line":180,"column":41},"end":{"line":194,"column":1}},"line":180},"7":{"name":"invalidateCacheByPrefix","decl":{"start":{"line":202,"column":15},"end":{"line":202,"column":38}},"loc":{"start":{"line":202,"column":47},"end":{"line":221,"column":1}},"line":202},"8":{"name":"getCacheStats","decl":{"start":{"line":228,"column":15},"end":{"line":228,"column":28}},"loc":{"start":{"line":228,"column":31},"end":{"line":265,"column":1}},"line":228},"9":{"name":"withCache","decl":{"start":{"line":275,"column":15},"end":{"line":275,"column":24}},"loc":{"start":{"line":275,"column":53},"end":{"line":297,"column":1}},"line":275},"10":{"name":"(anonymous_10)","decl":{"start":{"line":288,"column":37},"end":{"line":288,"column":38}},"loc":{"start":{"line":289,"column":8},"end":{"line":289,"column":83}},"line":289}},"branchMap":{"0":{"loc":{"start":{"line":29,"column":4},"end":{"line":32,"column":5}},"type":"if","locations":[{"start":{"line":29,"column":4},"end":{"line":32,"column":5}},{"start":{},"end":{}}],"line":29},"1":{"loc":{"start":{"line":83,"column":4},"end":{"line":85,"column":5}},"type":"if","locations":[{"start":{"line":83,"column":4},"end":{"line":85,"column":5}},{"start":{},"end":{}}],"line":83},"2":{"loc":{"start":{"line":92,"column":8},"end":{"line":94,"column":9}},"type":"if","locations":[{"start":{"line":92,"column":8},"end":{"line":94,"column":9}},{"start":{},"end":{}}],"line":92},"3":{"loc":{"start":{"line":98,"column":26},"end":{"line":98,"column":73}},"type":"binary-expr","locations":[{"start":{"line":98,"column":26},"end":{"line":98,"column":46}},{"start":{"line":98,"column":50},"end":{"line":98,"column":73}}],"line":98},"4":{"loc":{"start":{"line":101,"column":8},"end":{"line":106,"column":9}},"type":"if","locations":[{"start":{"line":101,"column":8},"end":{"line":106,"column":9}},{"start":{},"end":{}}],"line":101},"5":{"loc":{"start":{"line":127,"column":8},"end":{"line":129,"column":9}},"type":"if","locations":[{"start":{"line":127,"column":8},"end":{"line":129,"column":9}},{"start":{},"end":{}}],"line":127},"6":{"loc":{"start":{"line":143,"column":4},"end":{"line":145,"column":5}},"type":"if","locations":[{"start":{"line":143,"column":4},"end":{"line":145,"column":5}},{"start":{},"end":{}}],"line":143},"7":{"loc":{"start":{"line":181,"column":4},"end":{"line":183,"column":5}},"type":"if","locations":[{"start":{"line":181,"column":4},"end":{"line":183,"column":5}},{"start":{},"end":{}}],"line":181},"8":{"loc":{"start":{"line":203,"column":4},"end":{"line":205,"column":5}},"type":"if","locations":[{"start":{"line":203,"column":4},"end":{"line":205,"column":5}},{"start":{},"end":{}}],"line":203},"9":{"loc":{"start":{"line":229,"column":4},"end":{"line":231,"column":5}},"type":"if","locations":[{"start":{"line":229,"column":4},"end":{"line":231,"column":5}},{"start":{},"end":{}}],"line":229},"10":{"loc":{"start":{"line":241,"column":25},"end":{"line":241,"column":59}},"type":"binary-expr","locations":[{"start":{"line":241,"column":25},"end":{"line":241,"column":54}},{"start":{"line":241,"column":58},"end":{"line":241,"column":59}}],"line":241},"11":{"loc":{"start":{"line":243,"column":30},"end":{"line":243,"column":87}},"type":"binary-expr","locations":[{"start":{"line":243,"column":30},"end":{"line":243,"column":55}},{"start":{"line":243,"column":59},"end":{"line":243,"column":87}}],"line":243},"12":{"loc":{"start":{"line":244,"column":12},"end":{"line":246,"column":13}},"type":"if","locations":[{"start":{"line":244,"column":12},"end":{"line":246,"column":13}},{"start":{},"end":{}}],"line":244},"13":{"loc":{"start":{"line":244,"column":16},"end":{"line":244,"column":53}},"type":"binary-expr","locations":[{"start":{"line":244,"column":16},"end":{"line":244,"column":27}},{"start":{"line":244,"column":31},"end":{"line":244,"column":53}}],"line":244},"14":{"loc":{"start":{"line":247,"column":12},"end":{"line":249,"column":13}},"type":"if","locations":[{"start":{"line":247,"column":12},"end":{"line":249,"column":13}},{"start":{},"end":{}}],"line":247},"15":{"loc":{"start":{"line":247,"column":16},"end":{"line":247,"column":53}},"type":"binary-expr","locations":[{"start":{"line":247,"column":16},"end":{"line":247,"column":27}},{"start":{"line":247,"column":31},"end":{"line":247,"column":53}}],"line":247},"16":{"loc":{"start":{"line":258,"column":25},"end":{"line":258,"column":58}},"type":"binary-expr","locations":[{"start":{"line":258,"column":25},"end":{"line":258,"column":50}},{"start":{"line":258,"column":54},"end":{"line":258,"column":58}}],"line":258},"17":{"loc":{"start":{"line":259,"column":25},"end":{"line":259,"column":58}},"type":"binary-expr","locations":[{"start":{"line":259,"column":25},"end":{"line":259,"column":50}},{"start":{"line":259,"column":54},"end":{"line":259,"column":58}}],"line":259},"18":{"loc":{"start":{"line":280,"column":4},"end":{"line":282,"column":5}},"type":"if","locations":[{"start":{"line":280,"column":4},"end":{"line":282,"column":5}},{"start":{},"end":{}}],"line":280}},"s":{"0":1,"1":1,"2":1,"3":1,"4":1,"5":1,"6":1,"7":1,"8":1,"9":0,"10":0,"11":0,"12":0,"13":0,"14":0,"15":0,"16":0,"17":0,"18":0,"19":0,"20":6,"21":10,"22":6,"23":6,"24":0,"25":0,"26":0,"27":0,"28":0,"29":0,"30":0,"31":0,"32":0,"33":0,"34":0,"35":0,"36":0,"37":0,"38":0,"39":0,"40":0,"41":0,"42":0,"43":0,"44":0,"45":0,"46":0,"47":0,"48":0,"49":0,"50":0,"51":0,"52":0,"53":0,"54":0,"55":0,"56":0,"57":0,"58":0,"59":0,"60":0,"61":0,"62":0,"63":0,"64":0,"65":0,"66":0,"67":0,"68":0,"69":0,"70":0,"71":0,"72":0,"73":0,"74":0,"75":0,"76":0,"77":0,"78":0,"79":0,"80":0,"81":0,"82":0,"83":0,"84":0,"85":0,"86":0,"87":0,"88":0,"89":0,"90":0,"91":0,"92":0,"93":0,"94":0,"95":0,"96":0,"97":0,"98":0,"99":0,"100":0,"101":0,"102":0,"103":0,"104":0,"105":0,"106":0,"107":0,"108":1},"f":{"0":0,"1":6,"2":10,"3":0,"4":0,"5":0,"6":0,"7":0,"8":0,"9":0,"10":0},"b":{"0":[0,0],"1":[0,0],"2":[0,0],"3":[0,0],"4":[0,0],"5":[0,0],"6":[0,0],"7":[0,0],"8":[0,0],"9":[0,0],"10":[0,0],"11":[0,0],"12":[0,0],"13":[0,0],"14":[0,0],"15":[0,0],"16":[0,0],"17":[0,0],"18":[0,0]},"_coverageSchema":"1a1c01bbd47fc00a2c39e90264f33305004495a9","hash":"45580c7dbc6fe5845bedf875cc653b1212bd6d7b"}
}
