TN:
SF:src/services/cacheService.js
FN:28,initializeCache
FN:60,generateCacheKey
FN:64,(anonymous_2)
FN:82,getFromCache
FN:104,(anonymous_4)
FN:142,setInCache
FN:180,invalidateCache
FN:202,invalidateCacheByPrefix
FN:228,getCacheStats
FN:275,withCache
FN:288,(anonymous_10)
FNF:11
FNH:2
FNDA:0,initializeCache
FNDA:6,generateCacheKey
FNDA:10,(anonymous_2)
FNDA:0,getFromCache
FNDA:0,(anonymous_4)
FNDA:0,setInCache
FNDA:0,invalidateCache
FNDA:0,invalidateCacheByPrefix
FNDA:0,getCacheStats
FNDA:0,withCache
FNDA:0,(anonymous_10)
DA:10,1
DA:11,1
DA:12,1
DA:13,1
DA:15,1
DA:16,1
DA:18,1
DA:19,1
DA:21,1
DA:29,0
DA:30,0
DA:31,0
DA:34,0
DA:35,0
DA:36,0
DA:41,0
DA:44,0
DA:46,0
DA:48,0
DA:49,0
DA:62,6
DA:64,10
DA:67,6
DA:73,6
DA:83,0
DA:84,0
DA:87,0
DA:88,0
DA:91,0
DA:92,0
DA:93,0
DA:97,0
DA:98,0
DA:99,0
DA:101,0
DA:102,0
DA:104,0
DA:105,0
DA:109,0
DA:110,0
DA:111,0
DA:112,0
DA:114,0
DA:115,0
DA:116,0
DA:118,0
DA:120,0
DA:127,0
DA:128,0
DA:130,0
DA:131,0
DA:143,0
DA:144,0
DA:147,0
DA:149,0
DA:150,0
DA:153,0
DA:154,0
DA:166,0
DA:167,0
DA:169,0
DA:170,0
DA:181,0
DA:182,0
DA:185,0
DA:186,0
DA:187,0
DA:188,0
DA:189,0
DA:191,0
DA:192,0
DA:203,0
DA:204,0
DA:207,0
DA:209,0
DA:210,0
DA:211,0
DA:212,0
DA:213,0
DA:215,0
DA:217,0
DA:220,0
DA:229,0
DA:230,0
DA:233,0
DA:234,0
DA:235,0
DA:236,0
DA:238,0
DA:239,0
DA:240,0
DA:241,0
DA:243,0
DA:244,0
DA:245,0
DA:247,0
DA:248,0
DA:252,0
DA:262,0
DA:263,0
DA:276,0
DA:279,0
DA:280,0
DA:281,0
DA:285,0
DA:288,0
DA:289,0
DA:292,0
DA:299,1
LF:109
LH:14
BRDA:29,0,0,0
BRDA:29,0,1,0
BRDA:83,1,0,0
BRDA:83,1,1,0
BRDA:92,2,0,0
BRDA:92,2,1,0
BRDA:98,3,0,0
BRDA:98,3,1,0
BRDA:101,4,0,0
BRDA:101,4,1,0
BRDA:127,5,0,0
BRDA:127,5,1,0
BRDA:143,6,0,0
BRDA:143,6,1,0
BRDA:181,7,0,0
BRDA:181,7,1,0
BRDA:203,8,0,0
BRDA:203,8,1,0
BRDA:229,9,0,0
BRDA:229,9,1,0
BRDA:241,10,0,0
BRDA:241,10,1,0
BRDA:243,11,0,0
BRDA:243,11,1,0
BRDA:244,12,0,0
BRDA:244,12,1,0
BRDA:244,13,0,0
BRDA:244,13,1,0
BRDA:247,14,0,0
BRDA:247,14,1,0
BRDA:247,15,0,0
BRDA:247,15,1,0
BRDA:258,16,0,0
BRDA:258,16,1,0
BRDA:259,17,0,0
BRDA:259,17,1,0
BRDA:280,18,0,0
BRDA:280,18,1,0
BRF:38
BRH:0
end_of_record
